<?xml version="1.0" encoding="UTF-8"?>
<testng-results skipped="0" failed="0" ignored="0" total="1" passed="1">
  <reporter-output>
  </reporter-output>
  <suite name="Default suite" duration-ms="10927" started-at="2021-01-30T10:50:53 CST" finished-at="2021-01-30T10:51:04 CST">
    <groups>
    </groups>
    <test name="Default test" duration-ms="10927" started-at="2021-01-30T10:50:53 CST" finished-at="2021-01-30T10:51:04 CST">
      <class name="Tests.DropDownTest">
        <test-method status="PASS" signature="setUp()[pri:0, instance:Tests.DropDownTest@1e6d1014]" name="setUp" is-config="true" duration-ms="9111" started-at="2021-01-30T10:50:53 CST" finished-at="2021-01-30T10:51:02 CST">
          <reporter-output>
          </reporter-output>
        </test-method> <!-- setUp -->
        <test-method status="PASS" signature="dropDownTest()[pri:0, instance:Tests.DropDownTest@1e6d1014]" name="dropDownTest" duration-ms="945" started-at="2021-01-30T10:51:02 CST" finished-at="2021-01-30T10:51:03 CST">
          <reporter-output>
          </reporter-output>
        </test-method> <!-- dropDownTest -->
        <test-method status="PASS" signature="tearDown()[pri:0, instance:Tests.DropDownTest@1e6d1014]" name="tearDown" is-config="true" duration-ms="767" started-at="2021-01-30T10:51:03 CST" finished-at="2021-01-30T10:51:04 CST">
          <reporter-output>
          </reporter-output>
        </test-method> <!-- tearDown -->
      </class> <!-- Tests.DropDownTest -->
    </test> <!-- Default test -->
  </suite> <!-- Default suite -->
</testng-results>
